mode: set
upload-service/internal/service/album_service.go:26.105,32.2 1 1
upload-service/internal/service/album_service.go:34.81,36.16 2 1
upload-service/internal/service/album_service.go:36.16,39.3 2 0
upload-service/internal/service/album_service.go:40.2,40.20 1 1
upload-service/internal/service/album_service.go:43.101,44.13 1 1
upload-service/internal/service/album_service.go:44.13,46.3 1 0
upload-service/internal/service/album_service.go:48.2,49.16 2 1
upload-service/internal/service/album_service.go:49.16,52.3 2 0
upload-service/internal/service/album_service.go:53.2,53.18 1 1
upload-service/internal/service/album_service.go:53.18,55.3 1 1
upload-service/internal/service/album_service.go:57.2,58.16 2 1
upload-service/internal/service/album_service.go:58.16,61.3 2 0
upload-service/internal/service/album_service.go:63.2,64.18 2 1
upload-service/internal/service/album_service.go:67.109,68.22 1 1
upload-service/internal/service/album_service.go:68.22,70.3 1 0
upload-service/internal/service/album_service.go:71.2,71.25 1 1
upload-service/internal/service/album_service.go:71.25,73.3 1 0
upload-service/internal/service/album_service.go:74.2,74.24 1 1
upload-service/internal/service/album_service.go:74.24,76.3 1 1
upload-service/internal/service/album_service.go:77.2,77.23 1 0
upload-service/internal/service/album_service.go:77.23,79.3 1 0
upload-service/internal/service/album_service.go:81.2,82.16 2 0
upload-service/internal/service/album_service.go:82.16,84.3 1 0
upload-service/internal/service/album_service.go:85.2,85.15 1 0
upload-service/internal/service/album_service.go:85.15,86.17 1 0
upload-service/internal/service/album_service.go:86.17,88.4 1 0
upload-service/internal/service/album_service.go:91.2,92.16 2 0
upload-service/internal/service/album_service.go:92.16,94.3 1 0
upload-service/internal/service/album_service.go:96.2,97.16 2 0
upload-service/internal/service/album_service.go:97.16,99.3 1 0
upload-service/internal/service/album_service.go:101.2,102.22 2 0
upload-service/internal/service/album_service.go:102.22,104.3 1 0
upload-service/internal/service/album_service.go:106.2,107.23 2 0
upload-service/internal/service/album_service.go:107.23,109.3 1 0
upload-service/internal/service/album_service.go:111.2,113.16 3 0
upload-service/internal/service/album_service.go:113.16,115.3 1 0
upload-service/internal/service/album_service.go:117.2,117.22 1 0
upload-service/internal/service/album_service.go:117.22,118.83 1 0
upload-service/internal/service/album_service.go:118.83,120.4 1 0
upload-service/internal/service/album_service.go:123.2,123.36 1 0
upload-service/internal/service/album_service.go:123.36,125.3 1 0
upload-service/internal/service/album_service.go:127.2,128.16 2 0
upload-service/internal/service/album_service.go:128.16,130.3 1 0
upload-service/internal/service/album_service.go:131.2,132.21 2 0
upload-service/internal/service/album_service.go:132.21,134.3 1 0
upload-service/internal/service/album_service.go:136.2,137.16 2 0
upload-service/internal/service/album_service.go:137.16,139.3 1 0
upload-service/internal/service/album_service.go:140.2,141.22 2 0
upload-service/internal/service/album_service.go:141.22,143.3 1 0
upload-service/internal/service/album_service.go:145.2,154.57 2 0
upload-service/internal/service/album_service.go:154.57,156.3 1 0
upload-service/internal/service/album_service.go:158.2,159.21 2 0
upload-service/internal/service/album_service.go:162.89,164.16 2 0
upload-service/internal/service/album_service.go:164.16,166.3 1 0
upload-service/internal/service/album_service.go:168.2,175.16 2 0
upload-service/internal/service/album_service.go:175.16,177.3 1 0
upload-service/internal/service/album_service.go:178.2,180.19 2 0
upload-service/internal/service/album_service.go:180.19,182.3 1 0
upload-service/internal/service/album_service.go:183.2,183.12 1 0
upload-service/internal/service/album_service.go:186.83,187.24 1 1
upload-service/internal/service/album_service.go:187.24,189.3 1 1
upload-service/internal/service/album_service.go:191.2,192.16 2 1
upload-service/internal/service/album_service.go:192.16,194.3 1 0
upload-service/internal/service/album_service.go:195.2,195.26 1 1
upload-service/internal/service/album_service.go:195.26,197.3 1 0
upload-service/internal/service/album_service.go:199.2,199.22 1 1
upload-service/internal/service/album_service.go:199.22,201.3 1 1
upload-service/internal/service/album_service.go:202.2,202.24 1 1
upload-service/internal/service/album_service.go:202.24,204.3 1 1
upload-service/internal/service/album_service.go:206.2,206.55 1 1
upload-service/internal/service/album_service.go:206.55,209.3 2 1
upload-service/internal/service/album_service.go:211.2,212.12 2 1
upload-service/internal/service/album_service.go:215.63,217.30 2 0
upload-service/internal/service/album_service.go:217.30,219.3 1 0
upload-service/internal/service/album_service.go:220.2,221.27 2 0
upload-service/internal/service/album_service.go:221.27,222.23 1 0
upload-service/internal/service/album_service.go:222.23,224.4 1 0
upload-service/internal/service/album_service.go:226.2,226.16 1 0
upload-service/internal/service/album_service.go:229.115,232.36 2 0
upload-service/internal/service/album_service.go:232.36,233.18 1 0
upload-service/internal/service/album_service.go:233.18,242.4 1 0
upload-service/internal/service/album_service.go:245.2,259.16 3 0
upload-service/internal/service/album_service.go:259.16,261.3 1 0
upload-service/internal/service/album_service.go:262.2,272.66 3 0
upload-service/internal/service/album_service.go:272.66,274.3 1 0
upload-service/internal/service/album_service.go:276.2,277.39 2 0
upload-service/internal/service/album_service.go:277.39,279.3 1 0
upload-service/internal/service/album_service.go:281.2,281.19 1 0
upload-service/internal/service/artist_service.go:37.150,45.2 1 1
upload-service/internal/service/artist_service.go:47.84,49.16 2 1
upload-service/internal/service/artist_service.go:49.16,52.3 2 1
upload-service/internal/service/artist_service.go:53.2,53.21 1 1
upload-service/internal/service/artist_service.go:56.104,57.13 1 1
upload-service/internal/service/artist_service.go:57.13,59.3 1 1
upload-service/internal/service/artist_service.go:61.2,62.16 2 1
upload-service/internal/service/artist_service.go:62.16,65.3 2 1
upload-service/internal/service/artist_service.go:66.2,66.19 1 1
upload-service/internal/service/artist_service.go:66.19,68.3 1 1
upload-service/internal/service/artist_service.go:70.2,71.16 2 1
upload-service/internal/service/artist_service.go:71.16,74.3 2 0
upload-service/internal/service/artist_service.go:76.2,77.16 2 1
upload-service/internal/service/artist_service.go:77.16,80.3 2 0
upload-service/internal/service/artist_service.go:82.2,83.18 2 1
upload-service/internal/service/artist_service.go:86.112,87.23 1 1
upload-service/internal/service/artist_service.go:87.23,89.3 1 0
upload-service/internal/service/artist_service.go:91.2,92.16 2 1
upload-service/internal/service/artist_service.go:92.16,95.3 2 0
upload-service/internal/service/artist_service.go:96.2,96.27 1 1
upload-service/internal/service/artist_service.go:96.27,98.3 1 0
upload-service/internal/service/artist_service.go:100.2,101.16 2 1
upload-service/internal/service/artist_service.go:101.16,104.3 2 0
upload-service/internal/service/artist_service.go:106.2,113.16 4 1
upload-service/internal/service/artist_service.go:113.16,116.3 2 0
upload-service/internal/service/artist_service.go:118.2,119.16 2 1
upload-service/internal/service/artist_service.go:119.16,122.3 2 0
upload-service/internal/service/artist_service.go:123.2,127.16 4 1
upload-service/internal/service/artist_service.go:127.16,130.3 2 1
upload-service/internal/service/artist_service.go:131.2,133.38 2 1
upload-service/internal/service/artist_service.go:133.38,135.3 1 1
upload-service/internal/service/artist_service.go:137.2,144.16 4 1
upload-service/internal/service/artist_service.go:144.16,146.3 1 0
upload-service/internal/service/artist_service.go:148.2,148.51 1 1
upload-service/internal/service/artist_service.go:148.51,150.3 1 0
upload-service/internal/service/artist_service.go:152.2,152.22 1 1
upload-service/internal/service/artist_service.go:155.86,156.28 1 1
upload-service/internal/service/artist_service.go:156.28,158.3 1 1
upload-service/internal/service/artist_service.go:159.2,172.16 3 1
upload-service/internal/service/artist_service.go:172.16,174.3 1 0
upload-service/internal/service/artist_service.go:175.2,177.19 2 1
upload-service/internal/service/artist_service.go:177.19,179.3 1 0
upload-service/internal/service/artist_service.go:180.2,180.12 1 1
upload-service/internal/service/artist_service.go:183.87,184.26 1 1
upload-service/internal/service/artist_service.go:184.26,186.3 1 1
upload-service/internal/service/artist_service.go:188.2,189.16 2 1
upload-service/internal/service/artist_service.go:189.16,192.3 2 0
upload-service/internal/service/artist_service.go:193.2,193.27 1 1
upload-service/internal/service/artist_service.go:193.27,195.3 1 1
upload-service/internal/service/artist_service.go:197.2,197.23 1 1
upload-service/internal/service/artist_service.go:197.23,199.3 1 1
upload-service/internal/service/artist_service.go:201.2,201.57 1 1
upload-service/internal/service/artist_service.go:201.57,204.3 2 1
upload-service/internal/service/artist_service.go:206.2,207.12 2 1
upload-service/internal/service/artist_service.go:210.96,212.16 2 1
upload-service/internal/service/artist_service.go:212.16,214.3 1 1
upload-service/internal/service/artist_service.go:215.2,215.19 1 1
upload-service/internal/service/artist_service.go:215.19,217.3 1 1
upload-service/internal/service/artist_service.go:218.2,218.52 1 1
upload-service/internal/service/artist_service.go:221.98,239.16 3 1
upload-service/internal/service/artist_service.go:239.16,241.3 1 0
upload-service/internal/service/artist_service.go:242.2,252.66 3 1
upload-service/internal/service/artist_service.go:252.66,254.3 1 0
upload-service/internal/service/artist_service.go:256.2,257.39 2 1
upload-service/internal/service/artist_service.go:257.39,259.3 1 1
upload-service/internal/service/artist_service.go:261.2,261.21 1 1
upload-service/internal/service/genre_service.go:24.123,30.2 1 1
upload-service/internal/service/genre_service.go:32.81,34.16 2 1
upload-service/internal/service/genre_service.go:34.16,37.3 2 1
upload-service/internal/service/genre_service.go:38.2,38.20 1 0
upload-service/internal/service/genre_service.go:41.92,42.22 1 1
upload-service/internal/service/genre_service.go:42.22,44.3 1 1
upload-service/internal/service/genre_service.go:46.2,47.16 2 1
upload-service/internal/service/genre_service.go:47.16,50.3 2 1
upload-service/internal/service/genre_service.go:52.2,59.76 3 1
upload-service/internal/service/genre_service.go:59.76,61.3 1 0
upload-service/internal/service/genre_service.go:63.2,63.49 1 1
upload-service/internal/service/genre_service.go:63.49,65.3 1 0
upload-service/internal/service/genre_service.go:67.2,68.21 2 1
upload-service/internal/service/genre_service.go:71.82,72.28 1 1
upload-service/internal/service/genre_service.go:72.28,74.3 1 1
upload-service/internal/service/genre_service.go:75.2,84.16 3 1
upload-service/internal/service/genre_service.go:84.16,86.3 1 0
upload-service/internal/service/genre_service.go:87.2,89.19 2 1
upload-service/internal/service/genre_service.go:89.19,91.3 1 0
upload-service/internal/service/genre_service.go:92.2,92.12 1 1
upload-service/internal/service/genre_service.go:95.83,96.24 1 1
upload-service/internal/service/genre_service.go:96.24,98.3 1 1
upload-service/internal/service/genre_service.go:99.2,99.22 1 1
upload-service/internal/service/genre_service.go:99.22,101.3 1 1
upload-service/internal/service/genre_service.go:103.2,104.16 2 1
upload-service/internal/service/genre_service.go:104.16,107.3 2 1
upload-service/internal/service/genre_service.go:109.2,110.12 2 1
upload-service/internal/service/genre_service.go:113.95,129.16 2 1
upload-service/internal/service/genre_service.go:129.16,131.3 1 0
upload-service/internal/service/genre_service.go:132.2,142.66 3 1
upload-service/internal/service/genre_service.go:142.66,144.3 1 0
upload-service/internal/service/genre_service.go:146.2,147.39 2 1
upload-service/internal/service/genre_service.go:147.39,149.3 1 1
upload-service/internal/service/genre_service.go:151.2,151.20 1 1
upload-service/internal/service/search_service.go:19.70,24.2 1 1
upload-service/internal/service/search_service.go:26.95,43.16 3 1
upload-service/internal/service/search_service.go:43.16,45.3 1 0
upload-service/internal/service/search_service.go:46.2,48.19 2 1
upload-service/internal/service/search_service.go:48.19,51.3 2 1
upload-service/internal/service/search_service.go:53.2,60.66 2 1
upload-service/internal/service/search_service.go:60.66,62.3 1 1
upload-service/internal/service/search_service.go:64.2,65.39 2 1
upload-service/internal/service/search_service.go:65.39,68.3 2 1
upload-service/internal/service/search_service.go:69.2,69.21 1 1
upload-service/internal/service/search_service.go:72.103,93.16 3 1
upload-service/internal/service/search_service.go:93.16,95.3 1 0
upload-service/internal/service/search_service.go:96.2,98.19 2 1
upload-service/internal/service/search_service.go:98.19,101.3 2 0
upload-service/internal/service/search_service.go:103.2,110.66 2 1
upload-service/internal/service/search_service.go:110.66,112.3 1 0
upload-service/internal/service/search_service.go:114.2,115.39 2 1
upload-service/internal/service/search_service.go:115.39,118.3 2 1
upload-service/internal/service/search_service.go:119.2,119.21 1 1
upload-service/internal/service/song_service.go:33.166,41.2 1 1
upload-service/internal/service/song_service.go:43.89,45.16 2 1
upload-service/internal/service/song_service.go:45.16,48.3 2 0
upload-service/internal/service/song_service.go:50.2,51.29 2 1
upload-service/internal/service/song_service.go:51.29,53.17 2 1
upload-service/internal/service/song_service.go:53.17,56.4 2 0
upload-service/internal/service/song_service.go:58.3,59.17 2 1
upload-service/internal/service/song_service.go:59.17,62.4 2 0
upload-service/internal/service/song_service.go:64.3,64.83 1 1
upload-service/internal/service/song_service.go:67.2,67.23 1 1
upload-service/internal/service/song_service.go:70.98,71.13 1 1
upload-service/internal/service/song_service.go:71.13,73.3 1 1
upload-service/internal/service/song_service.go:75.2,76.16 2 1
upload-service/internal/service/song_service.go:76.16,79.3 2 1
upload-service/internal/service/song_service.go:80.2,80.17 1 1
upload-service/internal/service/song_service.go:80.17,82.3 1 1
upload-service/internal/service/song_service.go:84.2,85.16 2 1
upload-service/internal/service/song_service.go:85.16,88.3 2 0
upload-service/internal/service/song_service.go:90.2,91.16 2 1
upload-service/internal/service/song_service.go:91.16,94.3 2 1
upload-service/internal/service/song_service.go:96.2,97.18 2 1
upload-service/internal/service/song_service.go:100.136,101.21 1 1
upload-service/internal/service/song_service.go:101.21,103.3 1 1
upload-service/internal/service/song_service.go:104.2,104.23 1 1
upload-service/internal/service/song_service.go:104.23,106.3 1 1
upload-service/internal/service/song_service.go:107.2,107.25 1 1
upload-service/internal/service/song_service.go:107.25,109.3 1 1
upload-service/internal/service/song_service.go:110.2,110.25 1 1
upload-service/internal/service/song_service.go:110.25,112.3 1 1
upload-service/internal/service/song_service.go:114.2,115.16 2 1
upload-service/internal/service/song_service.go:115.16,118.3 2 0
upload-service/internal/service/song_service.go:119.2,119.40 1 1
upload-service/internal/service/song_service.go:119.40,122.3 2 1
upload-service/internal/service/song_service.go:124.2,125.41 2 1
upload-service/internal/service/song_service.go:125.41,130.17 3 1
upload-service/internal/service/song_service.go:130.17,133.4 2 0
upload-service/internal/service/song_service.go:135.3,141.17 5 1
upload-service/internal/service/song_service.go:141.17,144.4 2 0
upload-service/internal/service/song_service.go:146.3,153.17 4 1
upload-service/internal/service/song_service.go:153.17,155.4 1 0
upload-service/internal/service/song_service.go:157.3,158.17 2 1
upload-service/internal/service/song_service.go:158.17,160.4 1 0
upload-service/internal/service/song_service.go:161.3,162.23 2 1
upload-service/internal/service/song_service.go:162.23,164.4 1 1
upload-service/internal/service/song_service.go:166.3,167.17 2 1
upload-service/internal/service/song_service.go:167.17,169.4 1 0
upload-service/internal/service/song_service.go:170.3,171.22 2 1
upload-service/internal/service/song_service.go:171.22,173.4 1 1
upload-service/internal/service/song_service.go:175.3,184.56 2 1
upload-service/internal/service/song_service.go:184.56,186.4 1 0
upload-service/internal/service/song_service.go:188.3,188.74 1 1
upload-service/internal/service/song_service.go:190.2,190.12 1 1
upload-service/internal/service/song_service.go:193.85,194.28 1 1
upload-service/internal/service/song_service.go:194.28,196.3 1 1
upload-service/internal/service/song_service.go:197.2,198.16 2 1
upload-service/internal/service/song_service.go:198.16,200.3 1 0
upload-service/internal/service/song_service.go:202.2,209.16 2 1
upload-service/internal/service/song_service.go:209.16,211.3 1 0
upload-service/internal/service/song_service.go:212.2,214.19 2 1
upload-service/internal/service/song_service.go:214.19,216.3 1 0
upload-service/internal/service/song_service.go:217.2,217.12 1 1
upload-service/internal/service/song_service.go:220.49,225.2 4 1
upload-service/internal/service/song_service.go:227.79,228.22 1 1
upload-service/internal/service/song_service.go:228.22,230.3 1 1
upload-service/internal/service/song_service.go:232.2,233.16 2 1
upload-service/internal/service/song_service.go:233.16,236.3 2 0
upload-service/internal/service/song_service.go:237.2,237.25 1 1
upload-service/internal/service/song_service.go:237.25,239.3 1 0
upload-service/internal/service/song_service.go:241.2,241.21 1 1
upload-service/internal/service/song_service.go:241.21,243.3 1 1
upload-service/internal/service/song_service.go:244.2,244.23 1 1
upload-service/internal/service/song_service.go:244.23,246.3 1 1
upload-service/internal/service/song_service.go:248.2,248.53 1 1
upload-service/internal/service/song_service.go:248.53,251.3 2 1
upload-service/internal/service/song_service.go:252.2,252.12 1 1
upload-service/internal/service/song_service.go:255.54,257.30 2 1
upload-service/internal/service/song_service.go:257.30,259.3 1 1
upload-service/internal/service/song_service.go:260.2,261.27 2 1
upload-service/internal/service/song_service.go:261.27,262.23 1 1
upload-service/internal/service/song_service.go:262.23,264.4 1 1
upload-service/internal/service/song_service.go:266.2,266.16 1 1
upload-service/internal/service/song_service.go:269.83,271.2 1 0
upload-service/internal/service/song_service.go:273.97,275.2 1 1
upload-service/internal/service/song_service.go:277.101,279.2 1 0
upload-service/internal/service/song_service.go:281.112,284.36 2 1
upload-service/internal/service/song_service.go:284.36,285.18 1 1
upload-service/internal/service/song_service.go:285.18,294.4 1 1
upload-service/internal/service/song_service.go:297.2,311.16 3 1
upload-service/internal/service/song_service.go:311.16,313.3 1 0
upload-service/internal/service/song_service.go:314.2,324.66 3 1
upload-service/internal/service/song_service.go:324.66,326.3 1 0
upload-service/internal/service/song_service.go:328.2,329.39 2 1
upload-service/internal/service/song_service.go:329.39,331.3 1 1
upload-service/internal/service/song_service.go:333.2,333.19 1 1
